[debug] [2024-04-11T13:49:31.354Z] ----------------------------------------------------------------------
[debug] [2024-04-11T13:49:31.358Z] Command:       C:\Program Files\nodejs\node.exe C:\Users\amara\AppData\Roaming\npm\node_modules\firebase-tools\lib\bin\firebase.js deploy
[debug] [2024-04-11T13:49:31.358Z] CLI Version:   13.2.1
[debug] [2024-04-11T13:49:31.359Z] Platform:      win32
[debug] [2024-04-11T13:49:31.359Z] Node Version:  v20.9.0
[debug] [2024-04-11T13:49:31.359Z] Time:          Thu Apr 11 2024 10:49:31 GMT-0300 (Horário Padrão de Brasília)
[debug] [2024-04-11T13:49:31.359Z] ----------------------------------------------------------------------
[debug] 
[debug] [2024-04-11T13:49:31.459Z] > command requires scopes: ["email","openid","https://www.googleapis.com/auth/cloudplatformprojects.readonly","https://www.googleapis.com/auth/firebase","https://www.googleapis.com/auth/cloud-platform"]
[debug] [2024-04-11T13:49:31.460Z] > authorizing via signed-in user (wanderguizi@gmail.com)
[debug] [2024-04-11T13:49:31.460Z] [iam] checking project club-ecommerce-313da for permissions ["firebase.projects.get","firebasehosting.sites.update"]
[debug] [2024-04-11T13:49:31.464Z] >>> [apiv2][query] POST https://cloudresourcemanager.googleapis.com/v1/projects/club-ecommerce-313da:testIamPermissions [none]
[debug] [2024-04-11T13:49:31.464Z] >>> [apiv2][(partial)header] POST https://cloudresourcemanager.googleapis.com/v1/projects/club-ecommerce-313da:testIamPermissions x-goog-quota-user=projects/club-ecommerce-313da
[debug] [2024-04-11T13:49:31.464Z] >>> [apiv2][body] POST https://cloudresourcemanager.googleapis.com/v1/projects/club-ecommerce-313da:testIamPermissions {"permissions":["firebase.projects.get","firebasehosting.sites.update"]}
[debug] [2024-04-11T13:49:31.805Z] <<< [apiv2][status] POST https://cloudresourcemanager.googleapis.com/v1/projects/club-ecommerce-313da:testIamPermissions 200
[debug] [2024-04-11T13:49:31.805Z] <<< [apiv2][body] POST https://cloudresourcemanager.googleapis.com/v1/projects/club-ecommerce-313da:testIamPermissions {"permissions":["firebase.projects.get","firebasehosting.sites.update"]}
[debug] [2024-04-11T13:49:31.807Z] >>> [apiv2][query] GET https://firebase.googleapis.com/v1beta1/projects/club-ecommerce-313da [none]
[debug] [2024-04-11T13:49:32.185Z] <<< [apiv2][status] GET https://firebase.googleapis.com/v1beta1/projects/club-ecommerce-313da 200
[debug] [2024-04-11T13:49:32.186Z] <<< [apiv2][body] GET https://firebase.googleapis.com/v1beta1/projects/club-ecommerce-313da {"projectId":"club-ecommerce-313da","projectNumber":"967700354438","displayName":"club-ecommerce","name":"projects/club-ecommerce-313da","resources":{"hostingSite":"club-ecommerce-313da"},"state":"ACTIVE","etag":"1_3b7954df-150b-46cf-a857-798a3b82b91f"}
[debug] [2024-04-11T13:49:37.167Z] >>> [apiv2][query] GET https://firebasehosting.googleapis.com/v1beta1/projects/club-ecommerce-313da/sites pageToken=&pageSize=10
[debug] [2024-04-11T13:49:38.347Z] <<< [apiv2][status] GET https://firebasehosting.googleapis.com/v1beta1/projects/club-ecommerce-313da/sites 200
[debug] [2024-04-11T13:49:38.348Z] <<< [apiv2][body] GET https://firebasehosting.googleapis.com/v1beta1/projects/club-ecommerce-313da/sites {"sites":[{"name":"projects/club-ecommerce-313da/sites/club-ecommerce-313da","defaultUrl":"https://club-ecommerce-313da.web.app","type":"DEFAULT_SITE"}]}
[debug] [2024-04-11T13:49:38.348Z] >>> [apiv2][query] GET https://firebasehosting.googleapis.com/v1beta1/projects/club-ecommerce-313da/sites 
[debug] [2024-04-11T13:49:38.685Z] <<< [apiv2][status] GET https://firebasehosting.googleapis.com/v1beta1/projects/club-ecommerce-313da/sites 200
[debug] [2024-04-11T13:49:38.686Z] <<< [apiv2][body] GET https://firebasehosting.googleapis.com/v1beta1/projects/club-ecommerce-313da/sites {"sites":[{"name":"projects/club-ecommerce-313da/sites/club-ecommerce-313da","defaultUrl":"https://club-ecommerce-313da.web.app","type":"DEFAULT_SITE"}]}
[debug] [2024-04-11T13:49:38.686Z] >>> [apiv2][query] GET https://firebase.googleapis.com/v1beta1/projects/club-ecommerce-313da/webApps/-/config [none]
[debug] [2024-04-11T13:49:39.707Z] <<< [apiv2][status] GET https://firebase.googleapis.com/v1beta1/projects/club-ecommerce-313da/webApps/-/config 200
[debug] [2024-04-11T13:49:39.707Z] <<< [apiv2][body] GET https://firebase.googleapis.com/v1beta1/projects/club-ecommerce-313da/webApps/-/config {"projectId":"club-ecommerce-313da","appId":"1:967700354438:web:27ce6090a13d6a231a8807","storageBucket":"club-ecommerce-313da.appspot.com","apiKey":"AIzaSyBTWfSnkr_a23YFeGb4ONmHlCFIikumY7k","authDomain":"club-ecommerce-313da.firebaseapp.com","messagingSenderId":"967700354438"}
[info] 
   Thank you for trying our early preview of Next.js support on Firebase Hosting.
   During the preview, support is best-effort and breaking changes can be expected. Proceed with caution.

   Documentation: https://firebase.google.com/docs/hosting/frameworks/nextjs
   File a bug: https://github.com/firebase/firebase-tools/issues/new?template=bug_report.md
   Submit a feature request: https://github.com/firebase/firebase-tools/issues/new?template=feature_request.md

   We'd love to learn from you. Express your interest in helping us shape the future of Firebase Hosting: https://goo.gle/41enW5X

[debug] [2024-04-11T13:49:49.843Z] >>> [apiv2][query] GET https://firebasehosting.googleapis.com/v1beta1/projects/club-ecommerce-313da/sites/club-ecommerce-313da [none]
[debug] [2024-04-11T13:49:50.827Z] <<< [apiv2][status] GET https://firebasehosting.googleapis.com/v1beta1/projects/club-ecommerce-313da/sites/club-ecommerce-313da 200
[debug] [2024-04-11T13:49:50.827Z] <<< [apiv2][body] GET https://firebasehosting.googleapis.com/v1beta1/projects/club-ecommerce-313da/sites/club-ecommerce-313da {"name":"projects/club-ecommerce-313da/sites/club-ecommerce-313da","defaultUrl":"https://club-ecommerce-313da.web.app","type":"DEFAULT_SITE"}
[info]    ▲ Next.js 14.0.4

[info]    - Environments: .env

   Creating an optimized production build ...

[info]  ✓ Compiled successfully

[info]    Linting and checking validity of types ...

[info] Failed to compile.


[info] ./src/app/cart-item/cart-item-component.tsx:22:14
Type error: Argument of type 'RemoveProductToCartAction' is not assignable to parameter of type 'UnknownAction'.
  Index signature for type 'string' is missing in type 'RemoveProductToCartAction'.

  20 |
  21 |   const handleClickRemoveProduct = () => {
> 22 |     dispatch(removeProductToCart(product.id));
     |              ^
  23 |   };
  24 |
  25 |   const handleIncreaseProductCart = () => {

[debug] [2024-04-11T13:50:06.476Z] Error: ENOENT: no such file or directory, open 'C:\Users\amara\Desktop\ecommerce-NextJs\ecommerce\.next\export-marker.json'
[error] 
[error] Error: An unexpected error has occurred.
[debug] [2024-04-11T15:04:52.267Z] ----------------------------------------------------------------------
[debug] [2024-04-11T15:04:52.270Z] Command:       C:\Program Files\nodejs\node.exe C:\Users\amara\AppData\Roaming\npm\node_modules\firebase-tools\lib\bin\firebase.js deploy
[debug] [2024-04-11T15:04:52.270Z] CLI Version:   13.2.1
[debug] [2024-04-11T15:04:52.270Z] Platform:      win32
[debug] [2024-04-11T15:04:52.271Z] Node Version:  v20.9.0
[debug] [2024-04-11T15:04:52.271Z] Time:          Thu Apr 11 2024 12:04:52 GMT-0300 (Horário Padrão de Brasília)
[debug] [2024-04-11T15:04:52.271Z] ----------------------------------------------------------------------
[debug] 
[debug] [2024-04-11T15:04:52.346Z] > command requires scopes: ["email","openid","https://www.googleapis.com/auth/cloudplatformprojects.readonly","https://www.googleapis.com/auth/firebase","https://www.googleapis.com/auth/cloud-platform"]
[debug] [2024-04-11T15:04:52.347Z] > authorizing via signed-in user (wanderguizi@gmail.com)
[debug] [2024-04-11T15:04:52.347Z] [iam] checking project club-ecommerce-313da for permissions ["firebase.projects.get","firebasehosting.sites.update"]
[debug] [2024-04-11T15:04:52.348Z] > refreshing access token with scopes: []
[debug] [2024-04-11T15:04:52.350Z] >>> [apiv2][query] POST https://www.googleapis.com/oauth2/v3/token [none]
[debug] [2024-04-11T15:04:52.350Z] >>> [apiv2][body] POST https://www.googleapis.com/oauth2/v3/token [omitted]
[debug] [2024-04-11T15:04:52.560Z] <<< [apiv2][status] POST https://www.googleapis.com/oauth2/v3/token 200
[debug] [2024-04-11T15:04:52.560Z] <<< [apiv2][body] POST https://www.googleapis.com/oauth2/v3/token [omitted]
[debug] [2024-04-11T15:04:52.569Z] >>> [apiv2][query] POST https://cloudresourcemanager.googleapis.com/v1/projects/club-ecommerce-313da:testIamPermissions [none]
[debug] [2024-04-11T15:04:52.569Z] >>> [apiv2][(partial)header] POST https://cloudresourcemanager.googleapis.com/v1/projects/club-ecommerce-313da:testIamPermissions x-goog-quota-user=projects/club-ecommerce-313da
[debug] [2024-04-11T15:04:52.569Z] >>> [apiv2][body] POST https://cloudresourcemanager.googleapis.com/v1/projects/club-ecommerce-313da:testIamPermissions {"permissions":["firebase.projects.get","firebasehosting.sites.update"]}
[debug] [2024-04-11T15:04:53.049Z] <<< [apiv2][status] POST https://cloudresourcemanager.googleapis.com/v1/projects/club-ecommerce-313da:testIamPermissions 200
[debug] [2024-04-11T15:04:53.049Z] <<< [apiv2][body] POST https://cloudresourcemanager.googleapis.com/v1/projects/club-ecommerce-313da:testIamPermissions {"permissions":["firebase.projects.get","firebasehosting.sites.update"]}
[debug] [2024-04-11T15:04:53.050Z] >>> [apiv2][query] GET https://firebase.googleapis.com/v1beta1/projects/club-ecommerce-313da [none]
[debug] [2024-04-11T15:04:53.435Z] <<< [apiv2][status] GET https://firebase.googleapis.com/v1beta1/projects/club-ecommerce-313da 200
[debug] [2024-04-11T15:04:53.435Z] <<< [apiv2][body] GET https://firebase.googleapis.com/v1beta1/projects/club-ecommerce-313da {"projectId":"club-ecommerce-313da","projectNumber":"967700354438","displayName":"club-ecommerce","name":"projects/club-ecommerce-313da","resources":{"hostingSite":"club-ecommerce-313da"},"state":"ACTIVE","etag":"1_3b7954df-150b-46cf-a857-798a3b82b91f"}
[debug] [2024-04-11T15:04:57.354Z] >>> [apiv2][query] GET https://firebasehosting.googleapis.com/v1beta1/projects/club-ecommerce-313da/sites pageToken=&pageSize=10
[debug] [2024-04-11T15:04:58.550Z] <<< [apiv2][status] GET https://firebasehosting.googleapis.com/v1beta1/projects/club-ecommerce-313da/sites 200
[debug] [2024-04-11T15:04:58.550Z] <<< [apiv2][body] GET https://firebasehosting.googleapis.com/v1beta1/projects/club-ecommerce-313da/sites {"sites":[{"name":"projects/club-ecommerce-313da/sites/club-ecommerce-313da","defaultUrl":"https://club-ecommerce-313da.web.app","type":"DEFAULT_SITE"}]}
[debug] [2024-04-11T15:04:58.551Z] >>> [apiv2][query] GET https://firebasehosting.googleapis.com/v1beta1/projects/club-ecommerce-313da/sites 
[debug] [2024-04-11T15:04:58.870Z] <<< [apiv2][status] GET https://firebasehosting.googleapis.com/v1beta1/projects/club-ecommerce-313da/sites 200
[debug] [2024-04-11T15:04:58.870Z] <<< [apiv2][body] GET https://firebasehosting.googleapis.com/v1beta1/projects/club-ecommerce-313da/sites {"sites":[{"name":"projects/club-ecommerce-313da/sites/club-ecommerce-313da","defaultUrl":"https://club-ecommerce-313da.web.app","type":"DEFAULT_SITE"}]}
[debug] [2024-04-11T15:04:58.870Z] >>> [apiv2][query] GET https://firebase.googleapis.com/v1beta1/projects/club-ecommerce-313da/webApps/-/config [none]
[debug] [2024-04-11T15:04:59.816Z] <<< [apiv2][status] GET https://firebase.googleapis.com/v1beta1/projects/club-ecommerce-313da/webApps/-/config 200
[debug] [2024-04-11T15:04:59.817Z] <<< [apiv2][body] GET https://firebase.googleapis.com/v1beta1/projects/club-ecommerce-313da/webApps/-/config {"projectId":"club-ecommerce-313da","appId":"1:967700354438:web:27ce6090a13d6a231a8807","storageBucket":"club-ecommerce-313da.appspot.com","apiKey":"AIzaSyBTWfSnkr_a23YFeGb4ONmHlCFIikumY7k","authDomain":"club-ecommerce-313da.firebaseapp.com","messagingSenderId":"967700354438"}
[info] 
   Thank you for trying our early preview of Next.js support on Firebase Hosting.
   During the preview, support is best-effort and breaking changes can be expected. Proceed with caution.

   Documentation: https://firebase.google.com/docs/hosting/frameworks/nextjs
   File a bug: https://github.com/firebase/firebase-tools/issues/new?template=bug_report.md
   Submit a feature request: https://github.com/firebase/firebase-tools/issues/new?template=feature_request.md

   We'd love to learn from you. Express your interest in helping us shape the future of Firebase Hosting: https://goo.gle/41enW5X

[debug] [2024-04-11T15:05:08.414Z] >>> [apiv2][query] GET https://firebasehosting.googleapis.com/v1beta1/projects/club-ecommerce-313da/sites/club-ecommerce-313da [none]
[debug] [2024-04-11T15:05:09.377Z] <<< [apiv2][status] GET https://firebasehosting.googleapis.com/v1beta1/projects/club-ecommerce-313da/sites/club-ecommerce-313da 200
[debug] [2024-04-11T15:05:09.377Z] <<< [apiv2][body] GET https://firebasehosting.googleapis.com/v1beta1/projects/club-ecommerce-313da/sites/club-ecommerce-313da {"name":"projects/club-ecommerce-313da/sites/club-ecommerce-313da","defaultUrl":"https://club-ecommerce-313da.web.app","type":"DEFAULT_SITE"}
[info]    ▲ Next.js 14.0.4

[info]    - Environments: .env

   Creating an optimized production build ...

[info]  ✓ Compiled successfully

[info]    Linting and checking validity of types ...

[info] Failed to compile.


[info] ./src/app/components/cart/cart.components.tsx:30:14
Type error: Argument of type 'ToggleCartAction' is not assignable to parameter of type 'UnknownAction'.

  28 |   console.log({ productTotalPrice });
  29 |   const handleClickToggleCart = () => {
> 30 |     dispatch(toggleCart());
     |              ^
  31 |   };
  32 |
  33 |   return (

[debug] [2024-04-11T15:05:18.468Z] Error: ENOENT: no such file or directory, open 'C:\Users\amara\Desktop\ecommerce-NextJs\ecommerce\.next\export-marker.json'
[error] 
[error] Error: An unexpected error has occurred.
[debug] [2024-04-11T15:06:32.082Z] ----------------------------------------------------------------------
[debug] [2024-04-11T15:06:32.085Z] Command:       C:\Program Files\nodejs\node.exe C:\Users\amara\AppData\Roaming\npm\node_modules\firebase-tools\lib\bin\firebase.js deploy
[debug] [2024-04-11T15:06:32.085Z] CLI Version:   13.2.1
[debug] [2024-04-11T15:06:32.085Z] Platform:      win32
[debug] [2024-04-11T15:06:32.085Z] Node Version:  v20.9.0
[debug] [2024-04-11T15:06:32.085Z] Time:          Thu Apr 11 2024 12:06:32 GMT-0300 (Horário Padrão de Brasília)
[debug] [2024-04-11T15:06:32.085Z] ----------------------------------------------------------------------
[debug] 
[debug] [2024-04-11T15:06:32.159Z] > command requires scopes: ["email","openid","https://www.googleapis.com/auth/cloudplatformprojects.readonly","https://www.googleapis.com/auth/firebase","https://www.googleapis.com/auth/cloud-platform"]
[debug] [2024-04-11T15:06:32.160Z] > authorizing via signed-in user (wanderguizi@gmail.com)
[debug] [2024-04-11T15:06:32.160Z] [iam] checking project club-ecommerce-313da for permissions ["firebase.projects.get","firebasehosting.sites.update"]
[debug] [2024-04-11T15:06:32.162Z] >>> [apiv2][query] POST https://cloudresourcemanager.googleapis.com/v1/projects/club-ecommerce-313da:testIamPermissions [none]
[debug] [2024-04-11T15:06:32.162Z] >>> [apiv2][(partial)header] POST https://cloudresourcemanager.googleapis.com/v1/projects/club-ecommerce-313da:testIamPermissions x-goog-quota-user=projects/club-ecommerce-313da
[debug] [2024-04-11T15:06:32.162Z] >>> [apiv2][body] POST https://cloudresourcemanager.googleapis.com/v1/projects/club-ecommerce-313da:testIamPermissions {"permissions":["firebase.projects.get","firebasehosting.sites.update"]}
[debug] [2024-04-11T15:06:32.441Z] <<< [apiv2][status] POST https://cloudresourcemanager.googleapis.com/v1/projects/club-ecommerce-313da:testIamPermissions 200
[debug] [2024-04-11T15:06:32.441Z] <<< [apiv2][body] POST https://cloudresourcemanager.googleapis.com/v1/projects/club-ecommerce-313da:testIamPermissions {"permissions":["firebase.projects.get","firebasehosting.sites.update"]}
[debug] [2024-04-11T15:06:32.442Z] >>> [apiv2][query] GET https://firebase.googleapis.com/v1beta1/projects/club-ecommerce-313da [none]
[debug] [2024-04-11T15:06:32.821Z] <<< [apiv2][status] GET https://firebase.googleapis.com/v1beta1/projects/club-ecommerce-313da 200
[debug] [2024-04-11T15:06:32.821Z] <<< [apiv2][body] GET https://firebase.googleapis.com/v1beta1/projects/club-ecommerce-313da {"projectId":"club-ecommerce-313da","projectNumber":"967700354438","displayName":"club-ecommerce","name":"projects/club-ecommerce-313da","resources":{"hostingSite":"club-ecommerce-313da"},"state":"ACTIVE","etag":"1_3b7954df-150b-46cf-a857-798a3b82b91f"}
[debug] [2024-04-11T15:06:36.744Z] >>> [apiv2][query] GET https://firebasehosting.googleapis.com/v1beta1/projects/club-ecommerce-313da/sites pageToken=&pageSize=10
[debug] [2024-04-11T15:06:37.860Z] <<< [apiv2][status] GET https://firebasehosting.googleapis.com/v1beta1/projects/club-ecommerce-313da/sites 200
[debug] [2024-04-11T15:06:37.861Z] <<< [apiv2][body] GET https://firebasehosting.googleapis.com/v1beta1/projects/club-ecommerce-313da/sites {"sites":[{"name":"projects/club-ecommerce-313da/sites/club-ecommerce-313da","defaultUrl":"https://club-ecommerce-313da.web.app","type":"DEFAULT_SITE"}]}
[debug] [2024-04-11T15:06:37.861Z] >>> [apiv2][query] GET https://firebasehosting.googleapis.com/v1beta1/projects/club-ecommerce-313da/sites 
[debug] [2024-04-11T15:06:38.150Z] <<< [apiv2][status] GET https://firebasehosting.googleapis.com/v1beta1/projects/club-ecommerce-313da/sites 200
[debug] [2024-04-11T15:06:38.150Z] <<< [apiv2][body] GET https://firebasehosting.googleapis.com/v1beta1/projects/club-ecommerce-313da/sites {"sites":[{"name":"projects/club-ecommerce-313da/sites/club-ecommerce-313da","defaultUrl":"https://club-ecommerce-313da.web.app","type":"DEFAULT_SITE"}]}
[debug] [2024-04-11T15:06:38.151Z] >>> [apiv2][query] GET https://firebase.googleapis.com/v1beta1/projects/club-ecommerce-313da/webApps/-/config [none]
[debug] [2024-04-11T15:06:39.140Z] <<< [apiv2][status] GET https://firebase.googleapis.com/v1beta1/projects/club-ecommerce-313da/webApps/-/config 200
[debug] [2024-04-11T15:06:39.140Z] <<< [apiv2][body] GET https://firebase.googleapis.com/v1beta1/projects/club-ecommerce-313da/webApps/-/config {"projectId":"club-ecommerce-313da","appId":"1:967700354438:web:27ce6090a13d6a231a8807","storageBucket":"club-ecommerce-313da.appspot.com","apiKey":"AIzaSyBTWfSnkr_a23YFeGb4ONmHlCFIikumY7k","authDomain":"club-ecommerce-313da.firebaseapp.com","messagingSenderId":"967700354438"}
[info] 
   Thank you for trying our early preview of Next.js support on Firebase Hosting.
   During the preview, support is best-effort and breaking changes can be expected. Proceed with caution.

   Documentation: https://firebase.google.com/docs/hosting/frameworks/nextjs
   File a bug: https://github.com/firebase/firebase-tools/issues/new?template=bug_report.md
   Submit a feature request: https://github.com/firebase/firebase-tools/issues/new?template=feature_request.md

   We'd love to learn from you. Express your interest in helping us shape the future of Firebase Hosting: https://goo.gle/41enW5X

[debug] [2024-04-11T15:06:47.748Z] >>> [apiv2][query] GET https://firebasehosting.googleapis.com/v1beta1/projects/club-ecommerce-313da/sites/club-ecommerce-313da [none]
[debug] [2024-04-11T15:06:48.726Z] <<< [apiv2][status] GET https://firebasehosting.googleapis.com/v1beta1/projects/club-ecommerce-313da/sites/club-ecommerce-313da 200
[debug] [2024-04-11T15:06:48.726Z] <<< [apiv2][body] GET https://firebasehosting.googleapis.com/v1beta1/projects/club-ecommerce-313da/sites/club-ecommerce-313da {"name":"projects/club-ecommerce-313da/sites/club-ecommerce-313da","defaultUrl":"https://club-ecommerce-313da.web.app","type":"DEFAULT_SITE"}
[info]    ▲ Next.js 14.0.4

[info]    - Environments: .env

   Creating an optimized production build ...

[info]  ✓ Compiled successfully

[info]    Linting and checking validity of types ...

[info] Failed to compile.


[info] ./src/app/store/reducers/cart/cart-selector.ts:4:29
Type error: Property 'products' does not exist on type 'never'.

  2 |
  3 | export const selectProductTotalPrice = (state: RootState) => {
> 4 |   return state.cartReducer?.products.reduce((acc, currentProduct) => {
    |                             ^
  5 |     return acc + currentProduct.price * currentProduct.quantity;
  6 |   }, 0);
  7 | };

[debug] [2024-04-11T15:06:57.228Z] Error: ENOENT: no such file or directory, open 'C:\Users\amara\Desktop\ecommerce-NextJs\ecommerce\.next\export-marker.json'
[error] 
[error] Error: An unexpected error has occurred.
[debug] [2024-04-11T15:10:28.328Z] ----------------------------------------------------------------------
[debug] [2024-04-11T15:10:28.330Z] Command:       C:\Program Files\nodejs\node.exe C:\Users\amara\AppData\Roaming\npm\node_modules\firebase-tools\lib\bin\firebase.js deploy
[debug] [2024-04-11T15:10:28.331Z] CLI Version:   13.2.1
[debug] [2024-04-11T15:10:28.331Z] Platform:      win32
[debug] [2024-04-11T15:10:28.331Z] Node Version:  v20.9.0
[debug] [2024-04-11T15:10:28.331Z] Time:          Thu Apr 11 2024 12:10:28 GMT-0300 (Horário Padrão de Brasília)
[debug] [2024-04-11T15:10:28.331Z] ----------------------------------------------------------------------
[debug] 
[debug] [2024-04-11T15:10:28.409Z] > command requires scopes: ["email","openid","https://www.googleapis.com/auth/cloudplatformprojects.readonly","https://www.googleapis.com/auth/firebase","https://www.googleapis.com/auth/cloud-platform"]
[debug] [2024-04-11T15:10:28.410Z] > authorizing via signed-in user (wanderguizi@gmail.com)
[debug] [2024-04-11T15:10:28.410Z] [iam] checking project club-ecommerce-313da for permissions ["firebase.projects.get","firebasehosting.sites.update"]
[debug] [2024-04-11T15:10:28.412Z] >>> [apiv2][query] POST https://cloudresourcemanager.googleapis.com/v1/projects/club-ecommerce-313da:testIamPermissions [none]
[debug] [2024-04-11T15:10:28.412Z] >>> [apiv2][(partial)header] POST https://cloudresourcemanager.googleapis.com/v1/projects/club-ecommerce-313da:testIamPermissions x-goog-quota-user=projects/club-ecommerce-313da
[debug] [2024-04-11T15:10:28.412Z] >>> [apiv2][body] POST https://cloudresourcemanager.googleapis.com/v1/projects/club-ecommerce-313da:testIamPermissions {"permissions":["firebase.projects.get","firebasehosting.sites.update"]}
[debug] [2024-04-11T15:10:29.414Z] <<< [apiv2][status] POST https://cloudresourcemanager.googleapis.com/v1/projects/club-ecommerce-313da:testIamPermissions 200
[debug] [2024-04-11T15:10:29.414Z] <<< [apiv2][body] POST https://cloudresourcemanager.googleapis.com/v1/projects/club-ecommerce-313da:testIamPermissions {"permissions":["firebase.projects.get","firebasehosting.sites.update"]}
[debug] [2024-04-11T15:10:29.415Z] >>> [apiv2][query] GET https://firebase.googleapis.com/v1beta1/projects/club-ecommerce-313da [none]
[debug] [2024-04-11T15:10:29.796Z] <<< [apiv2][status] GET https://firebase.googleapis.com/v1beta1/projects/club-ecommerce-313da 200
[debug] [2024-04-11T15:10:29.796Z] <<< [apiv2][body] GET https://firebase.googleapis.com/v1beta1/projects/club-ecommerce-313da {"projectId":"club-ecommerce-313da","projectNumber":"967700354438","displayName":"club-ecommerce","name":"projects/club-ecommerce-313da","resources":{"hostingSite":"club-ecommerce-313da"},"state":"ACTIVE","etag":"1_3b7954df-150b-46cf-a857-798a3b82b91f"}
[debug] [2024-04-11T15:10:33.728Z] >>> [apiv2][query] GET https://firebasehosting.googleapis.com/v1beta1/projects/club-ecommerce-313da/sites pageToken=&pageSize=10
[debug] [2024-04-11T15:10:34.992Z] <<< [apiv2][status] GET https://firebasehosting.googleapis.com/v1beta1/projects/club-ecommerce-313da/sites 200
[debug] [2024-04-11T15:10:34.992Z] <<< [apiv2][body] GET https://firebasehosting.googleapis.com/v1beta1/projects/club-ecommerce-313da/sites {"sites":[{"name":"projects/club-ecommerce-313da/sites/club-ecommerce-313da","defaultUrl":"https://club-ecommerce-313da.web.app","type":"DEFAULT_SITE"}]}
[debug] [2024-04-11T15:10:34.993Z] >>> [apiv2][query] GET https://firebasehosting.googleapis.com/v1beta1/projects/club-ecommerce-313da/sites 
[debug] [2024-04-11T15:10:35.319Z] <<< [apiv2][status] GET https://firebasehosting.googleapis.com/v1beta1/projects/club-ecommerce-313da/sites 200
[debug] [2024-04-11T15:10:35.319Z] <<< [apiv2][body] GET https://firebasehosting.googleapis.com/v1beta1/projects/club-ecommerce-313da/sites {"sites":[{"name":"projects/club-ecommerce-313da/sites/club-ecommerce-313da","defaultUrl":"https://club-ecommerce-313da.web.app","type":"DEFAULT_SITE"}]}
[debug] [2024-04-11T15:10:35.319Z] >>> [apiv2][query] GET https://firebase.googleapis.com/v1beta1/projects/club-ecommerce-313da/webApps/-/config [none]
[debug] [2024-04-11T15:10:36.290Z] <<< [apiv2][status] GET https://firebase.googleapis.com/v1beta1/projects/club-ecommerce-313da/webApps/-/config 200
[debug] [2024-04-11T15:10:36.290Z] <<< [apiv2][body] GET https://firebase.googleapis.com/v1beta1/projects/club-ecommerce-313da/webApps/-/config {"projectId":"club-ecommerce-313da","appId":"1:967700354438:web:27ce6090a13d6a231a8807","storageBucket":"club-ecommerce-313da.appspot.com","apiKey":"AIzaSyBTWfSnkr_a23YFeGb4ONmHlCFIikumY7k","authDomain":"club-ecommerce-313da.firebaseapp.com","messagingSenderId":"967700354438"}
[info] 
   Thank you for trying our early preview of Next.js support on Firebase Hosting.
   During the preview, support is best-effort and breaking changes can be expected. Proceed with caution.

   Documentation: https://firebase.google.com/docs/hosting/frameworks/nextjs
   File a bug: https://github.com/firebase/firebase-tools/issues/new?template=bug_report.md
   Submit a feature request: https://github.com/firebase/firebase-tools/issues/new?template=feature_request.md

   We'd love to learn from you. Express your interest in helping us shape the future of Firebase Hosting: https://goo.gle/41enW5X

[debug] [2024-04-11T15:10:44.815Z] >>> [apiv2][query] GET https://firebasehosting.googleapis.com/v1beta1/projects/club-ecommerce-313da/sites/club-ecommerce-313da [none]
[debug] [2024-04-11T15:10:45.833Z] <<< [apiv2][status] GET https://firebasehosting.googleapis.com/v1beta1/projects/club-ecommerce-313da/sites/club-ecommerce-313da 200
[debug] [2024-04-11T15:10:45.833Z] <<< [apiv2][body] GET https://firebasehosting.googleapis.com/v1beta1/projects/club-ecommerce-313da/sites/club-ecommerce-313da {"name":"projects/club-ecommerce-313da/sites/club-ecommerce-313da","defaultUrl":"https://club-ecommerce-313da.web.app","type":"DEFAULT_SITE"}
[info]    ▲ Next.js 14.0.4

[info]    - Environments: .env

   Creating an optimized production build ...

[info]  ⚠ Compiled with warnings


[info] ./src/app/components/cart/cart.components.tsx
Attempted import error: 'selectProductTotalPrice' is not exported from '@/app/store/reducers/cart/cart-selector' (imported as 'selectProductTotalPrice').

Import trace for requested module:
./src/app/components/cart/cart.components.tsx

./src/app/components/header/header.components.tsx
Attempted import error: 'selectProductCount' is not exported from '@/app/store/reducers/cart/cart-selector' (imported as 'selectProductCount').

Import trace for requested module:
./src/app/components/header/header.components.tsx

./src/app/components/cart/cart.components.tsx
Attempted import error: 'selectProductTotalPrice' is not exported from '@/app/store/reducers/cart/cart-selector' (imported as 'selectProductTotalPrice').

Import trace for requested module:
./src/app/components/cart/cart.components.tsx

./src/app/components/header/header.components.tsx
Attempted import error: 'selectProductCount' is not exported from '@/app/store/reducers/cart/cart-selector' (imported as 'selectProductCount').

Import trace for requested module:
./src/app/components/header/header.components.tsx


[info]    Linting and checking validity of types ...

[info] Failed to compile.

./src/app/components/cart/cart.components.tsx:15:3
Type error: '"@/app/store/reducers/cart/cart-selector"' has no exported member named 'selectProductTotalPrice'. Did you mean 'selectProductsTotalPrice'?

  13 | import {
  14 |   
> 15 |   selectProductTotalPrice,
     |   ^
  16 | } from "@/app/store/reducers/cart/cart-selector";
  17 |
  18 | const Cart: FunctionComponent = () => {

[debug] [2024-04-11T15:10:54.439Z] Error: ENOENT: no such file or directory, open 'C:\Users\amara\Desktop\ecommerce-NextJs\ecommerce\.next\export-marker.json'
[error] 
[error] Error: An unexpected error has occurred.
[debug] [2024-04-11T15:12:37.968Z] ----------------------------------------------------------------------
[debug] [2024-04-11T15:12:37.971Z] Command:       C:\Program Files\nodejs\node.exe C:\Users\amara\AppData\Roaming\npm\node_modules\firebase-tools\lib\bin\firebase.js deploy
[debug] [2024-04-11T15:12:37.971Z] CLI Version:   13.2.1
[debug] [2024-04-11T15:12:37.971Z] Platform:      win32
[debug] [2024-04-11T15:12:37.971Z] Node Version:  v20.9.0
[debug] [2024-04-11T15:12:37.971Z] Time:          Thu Apr 11 2024 12:12:37 GMT-0300 (Horário Padrão de Brasília)
[debug] [2024-04-11T15:12:37.972Z] ----------------------------------------------------------------------
[debug] 
[debug] [2024-04-11T15:12:38.045Z] > command requires scopes: ["email","openid","https://www.googleapis.com/auth/cloudplatformprojects.readonly","https://www.googleapis.com/auth/firebase","https://www.googleapis.com/auth/cloud-platform"]
[debug] [2024-04-11T15:12:38.045Z] > authorizing via signed-in user (wanderguizi@gmail.com)
[debug] [2024-04-11T15:12:38.045Z] [iam] checking project club-ecommerce-313da for permissions ["firebase.projects.get","firebasehosting.sites.update"]
[debug] [2024-04-11T15:12:38.047Z] >>> [apiv2][query] POST https://cloudresourcemanager.googleapis.com/v1/projects/club-ecommerce-313da:testIamPermissions [none]
[debug] [2024-04-11T15:12:38.048Z] >>> [apiv2][(partial)header] POST https://cloudresourcemanager.googleapis.com/v1/projects/club-ecommerce-313da:testIamPermissions x-goog-quota-user=projects/club-ecommerce-313da
[debug] [2024-04-11T15:12:38.048Z] >>> [apiv2][body] POST https://cloudresourcemanager.googleapis.com/v1/projects/club-ecommerce-313da:testIamPermissions {"permissions":["firebase.projects.get","firebasehosting.sites.update"]}
[debug] [2024-04-11T15:12:38.905Z] <<< [apiv2][status] POST https://cloudresourcemanager.googleapis.com/v1/projects/club-ecommerce-313da:testIamPermissions 200
[debug] [2024-04-11T15:12:38.905Z] <<< [apiv2][body] POST https://cloudresourcemanager.googleapis.com/v1/projects/club-ecommerce-313da:testIamPermissions {"permissions":["firebase.projects.get","firebasehosting.sites.update"]}
[debug] [2024-04-11T15:12:38.906Z] >>> [apiv2][query] GET https://firebase.googleapis.com/v1beta1/projects/club-ecommerce-313da [none]
[debug] [2024-04-11T15:12:39.309Z] <<< [apiv2][status] GET https://firebase.googleapis.com/v1beta1/projects/club-ecommerce-313da 200
[debug] [2024-04-11T15:12:39.309Z] <<< [apiv2][body] GET https://firebase.googleapis.com/v1beta1/projects/club-ecommerce-313da {"projectId":"club-ecommerce-313da","projectNumber":"967700354438","displayName":"club-ecommerce","name":"projects/club-ecommerce-313da","resources":{"hostingSite":"club-ecommerce-313da"},"state":"ACTIVE","etag":"1_3b7954df-150b-46cf-a857-798a3b82b91f"}
[debug] [2024-04-11T15:12:43.200Z] >>> [apiv2][query] GET https://firebasehosting.googleapis.com/v1beta1/projects/club-ecommerce-313da/sites pageToken=&pageSize=10
[debug] [2024-04-11T15:12:44.261Z] <<< [apiv2][status] GET https://firebasehosting.googleapis.com/v1beta1/projects/club-ecommerce-313da/sites 200
[debug] [2024-04-11T15:12:44.261Z] <<< [apiv2][body] GET https://firebasehosting.googleapis.com/v1beta1/projects/club-ecommerce-313da/sites {"sites":[{"name":"projects/club-ecommerce-313da/sites/club-ecommerce-313da","defaultUrl":"https://club-ecommerce-313da.web.app","type":"DEFAULT_SITE"}]}
[debug] [2024-04-11T15:12:44.261Z] >>> [apiv2][query] GET https://firebasehosting.googleapis.com/v1beta1/projects/club-ecommerce-313da/sites 
[debug] [2024-04-11T15:12:44.599Z] <<< [apiv2][status] GET https://firebasehosting.googleapis.com/v1beta1/projects/club-ecommerce-313da/sites 200
[debug] [2024-04-11T15:12:44.599Z] <<< [apiv2][body] GET https://firebasehosting.googleapis.com/v1beta1/projects/club-ecommerce-313da/sites {"sites":[{"name":"projects/club-ecommerce-313da/sites/club-ecommerce-313da","defaultUrl":"https://club-ecommerce-313da.web.app","type":"DEFAULT_SITE"}]}
[debug] [2024-04-11T15:12:44.599Z] >>> [apiv2][query] GET https://firebase.googleapis.com/v1beta1/projects/club-ecommerce-313da/webApps/-/config [none]
[debug] [2024-04-11T15:12:45.551Z] <<< [apiv2][status] GET https://firebase.googleapis.com/v1beta1/projects/club-ecommerce-313da/webApps/-/config 200
[debug] [2024-04-11T15:12:45.551Z] <<< [apiv2][body] GET https://firebase.googleapis.com/v1beta1/projects/club-ecommerce-313da/webApps/-/config {"projectId":"club-ecommerce-313da","appId":"1:967700354438:web:27ce6090a13d6a231a8807","storageBucket":"club-ecommerce-313da.appspot.com","apiKey":"AIzaSyBTWfSnkr_a23YFeGb4ONmHlCFIikumY7k","authDomain":"club-ecommerce-313da.firebaseapp.com","messagingSenderId":"967700354438"}
[info] 
   Thank you for trying our early preview of Next.js support on Firebase Hosting.
   During the preview, support is best-effort and breaking changes can be expected. Proceed with caution.

   Documentation: https://firebase.google.com/docs/hosting/frameworks/nextjs
   File a bug: https://github.com/firebase/firebase-tools/issues/new?template=bug_report.md
   Submit a feature request: https://github.com/firebase/firebase-tools/issues/new?template=feature_request.md

   We'd love to learn from you. Express your interest in helping us shape the future of Firebase Hosting: https://goo.gle/41enW5X

[debug] [2024-04-11T15:12:54.074Z] >>> [apiv2][query] GET https://firebasehosting.googleapis.com/v1beta1/projects/club-ecommerce-313da/sites/club-ecommerce-313da [none]
[debug] [2024-04-11T15:12:55.073Z] <<< [apiv2][status] GET https://firebasehosting.googleapis.com/v1beta1/projects/club-ecommerce-313da/sites/club-ecommerce-313da 200
[debug] [2024-04-11T15:12:55.073Z] <<< [apiv2][body] GET https://firebasehosting.googleapis.com/v1beta1/projects/club-ecommerce-313da/sites/club-ecommerce-313da {"name":"projects/club-ecommerce-313da/sites/club-ecommerce-313da","defaultUrl":"https://club-ecommerce-313da.web.app","type":"DEFAULT_SITE"}
[info]    ▲ Next.js 14.0.4

[info]    - Environments: .env

   Creating an optimized production build ...

[info]  ✓ Compiled successfully

[info]    Linting and checking validity of types ...

[info] Failed to compile.


[info] ./src/app/store/store.ts:24:22
Type error: No overload matches this call.
  Overload 1 of 2, '(reducer: Reducer<Partial<{ userReducer: never; cartReducer: never; }>, CartActions | UserAction, Partial<{ userReducer: never; cartReducer: never; }>>, enhancer?: StoreEnhancer<...> | undefined): Store<...> & { ...; }', gave the following error.
    Argument of type 'Reducer<{ userReducer: InitialState; cartReducer: InitialState; }, CartActions | UserAction, Partial<{ userReducer: never; cartReducer: never; }>>' is not assignable to parameter of type 'Reducer<Partial<{ userReducer: never; cartReducer: never; }>, CartActions | UserAction, Partial<{ userReducer: never; cartReducer: never; }>>'.
      Type '{ userReducer: InitialState; cartReducer: InitialState; }' is not assignable to type 'Partial<{ userReducer: never; cartReducer: never; }>'.
  Overload 2 of 2, '(reducer: Reducer<{ userReducer: InitialState; cartReducer: InitialState; }, CartActions | UserAction, Partial<{ userReducer: never; cartReducer: never; }>>, preloadedState?: Partial<...> | undefined, enhancer?: StoreEnhancer<...> | undefined): Store<...>', gave the following error.
    Type 'StoreEnhancer<{ dispatch: {}; }, {}>' has no properties in common with type 'Partial<{ userReducer: never; cartReducer: never; }>'.

  22 | );
  23 |
> 24 | export const store = createStore(persistRootReducer, applyMiddleware(logger));
     |                      ^
  25 | export const persisterStore = persistStore(store);
  26 |
  27 | export type RootState = ReturnType<typeof store.getState>;

[debug] [2024-04-11T15:13:03.497Z] Error: ENOENT: no such file or directory, open 'C:\Users\amara\Desktop\ecommerce-NextJs\ecommerce\.next\export-marker.json'
[error] 
[error] Error: An unexpected error has occurred.
